<?xml version="1.0" encoding="UTF-8"?>
<!-- Generated by org.testng.reporters.JUnitXMLReporter -->
<testsuite ignored="0" hostname="CIPL1593QA" failures="0" tests="4" name="Default test" time="9.209" errors="0" timestamp="2024-09-17T12:44:13 IST">
  <testcase classname="api.test.UserTest2" name="testPostuser" time="4.313"/>
  <testcase classname="api.test.UserTest2" name="testgetusername" time="1.139"/>
  <testcase classname="api.test.UserTest2" name="testPutuser" time="2.294"/>
  <testcase classname="api.test.UserTest2" name="testdeleteusername" time="1.108"/>
</testsuite> <!-- Default test -->
