<?xml version="1.0" encoding="UTF-8"?>
<!-- Generated by org.testng.reporters.JUnitXMLReporter -->
<testsuite ignored="0" hostname="CIPL1593QA" failures="0" tests="4" name="Test" time="8.252" errors="0" timestamp="2024-09-17T12:44:36 IST">
  <testcase classname="api.test.UserTest2" name="testPostuser" time="3.148"/>
  <testcase classname="api.test.UserTest2" name="testgetusername" time="1.137"/>
  <testcase classname="api.test.UserTest2" name="testPutuser" time="2.294"/>
  <testcase classname="api.test.UserTest2" name="testdeleteusername" time="1.124"/>
</testsuite> <!-- Test -->
